<?xml version="1.0" encoding="UTF-8"?>
<!-- Generated by org.testng.reporters.JUnitReportReporter -->
<testsuite skipped="0" hostname="DESKTOP-26RJCHO" name="script.TestValidLogin" tests="1" failures="0" timestamp="14 Jun 2019 15:39:51 GMT" time="19.648" errors="0">
  <testcase name="login" time="19.648" classname="script.TestValidLogin"/>
</testsuite> <!-- script.TestValidLogin -->
