<?xml version="1.0" encoding="UTF-8"?>
<!-- Generated by org.testng.reporters.JUnitReportReporter -->
<testsuite skipped="0" hostname="DESKTOP-26RJCHO" name="script.TestBaseTest" tests="1" failures="0" timestamp="12 Jun 2019 14:52:13 GMT" time="4.396" errors="0">
  <testcase name="test" time="4.396" classname="script.TestBaseTest"/>
</testsuite> <!-- script.TestBaseTest -->
